0 info it worked if it ends with ok
1 verbose cli [ '/usr/local/Cellar/node/6.3.0/bin/node',
1 verbose cli   '/usr/local/bin/npm',
1 verbose cli   'run',
1 verbose cli   'watch-js' ]
2 info using npm@3.10.3
3 info using node@v6.3.0
4 verbose run-script [ 'prewatch-js', 'watch-js', 'postwatch-js' ]
5 info lifecycle austin-tiy-build-tool@1.0.0~prewatch-js: austin-tiy-build-tool@1.0.0
6 silly lifecycle austin-tiy-build-tool@1.0.0~prewatch-js: no script for prewatch-js, continuing
7 info lifecycle austin-tiy-build-tool@1.0.0~watch-js: austin-tiy-build-tool@1.0.0
8 verbose lifecycle austin-tiy-build-tool@1.0.0~watch-js: unsafe-perm in lifecycle true
9 verbose lifecycle austin-tiy-build-tool@1.0.0~watch-js: PATH: /usr/local/lib/node_modules/npm/bin/node-gyp-bin:/Users/Matt/projects/card_games/node_modules/.bin:/usr/local/Cellar/node/6.3.0/bin:/usr/local/lib/node_modules/npm/bin/node-gyp-bin:/Users/Matt/projects/card_games/node_modules/.bin:/usr/local/Cellar/node/6.3.0/bin:/Users/Matt/.rbenv/shims:/Users/Matt/.rvm/bin:/Users/Matt/bin:/Library/Frameworks/Python.framework/Versions/3.5/bin:/usr/local/bin:/usr/bin:/bin:/usr/sbin:/sbin
10 verbose lifecycle austin-tiy-build-tool@1.0.0~watch-js: CWD: /Users/Matt/projects/card_games
11 silly lifecycle austin-tiy-build-tool@1.0.0~watch-js: Args: [ '-c',
11 silly lifecycle   'watchify app/assets/javascripts/app.js.jsx -o app/assets/javascripts/bundle.js --transform babelify' ]
12 info lifecycle austin-tiy-build-tool@1.0.0~watch-js: Failed to exec watch-js script
13 verbose stack Error: austin-tiy-build-tool@1.0.0 watch-js: `watchify app/assets/javascripts/app.js.jsx -o app/assets/javascripts/bundle.js --transform babelify`
13 verbose stack spawn ENOENT
13 verbose stack     at ChildProcess.<anonymous> (/usr/local/lib/node_modules/npm/lib/utils/spawn.js:33:16)
13 verbose stack     at emitTwo (events.js:106:13)
13 verbose stack     at ChildProcess.emit (events.js:191:7)
13 verbose stack     at maybeClose (internal/child_process.js:852:16)
13 verbose stack     at Process.ChildProcess._handle.onexit (internal/child_process.js:215:5)
14 verbose pkgid austin-tiy-build-tool@1.0.0
15 verbose cwd /Users/Matt/projects/card_games
16 error Darwin 15.6.0
17 error argv "/usr/local/Cellar/node/6.3.0/bin/node" "/usr/local/bin/npm" "run" "watch-js"
18 error node v6.3.0
19 error npm  v3.10.3
20 error file sh
21 error code ELIFECYCLE
22 error errno ENOENT
23 error syscall spawn
24 error austin-tiy-build-tool@1.0.0 watch-js: `watchify app/assets/javascripts/app.js.jsx -o app/assets/javascripts/bundle.js --transform babelify`
24 error spawn ENOENT
25 error Failed at the austin-tiy-build-tool@1.0.0 watch-js script 'watchify app/assets/javascripts/app.js.jsx -o app/assets/javascripts/bundle.js --transform babelify'.
25 error Make sure you have the latest version of node.js and npm installed.
25 error If you do, this is most likely a problem with the austin-tiy-build-tool package,
25 error not with npm itself.
25 error Tell the author that this fails on your system:
25 error     watchify app/assets/javascripts/app.js.jsx -o app/assets/javascripts/bundle.js --transform babelify
25 error You can get information on how to open an issue for this project with:
25 error     npm bugs austin-tiy-build-tool
25 error Or if that isn't available, you can get their info via:
25 error     npm owner ls austin-tiy-build-tool
25 error There is likely additional logging output above.
26 verbose exit [ 1, true ]
